<?xml version="1.0" encoding="UTF-8"?>
<testsuite name="HomeWorks" tests="1" skipped="0" failures="0" errors="0" timestamp="2023-03-12T10:43:39" hostname="HOME-PC" time="0.983">
  <properties/>
  <testcase name="cssLocators" classname="HomeWorks" time="0.983"/>
  <system-out><![CDATA[]]></system-out>
  <system-err><![CDATA[Starting ChromeDriver 111.0.5563.19 (378a38865270d286695aeb86f190564911ef7bc2-refs/branch-heads/5563@{#251}) on port 3362
Only local connections are allowed.
Please see https://chromedriver.chromium.org/security-considerations for suggestions on keeping ChromeDriver safe.
ChromeDriver was started successfully.
бер. 12, 2023 12:43:36 ПП org.openqa.selenium.devtools.CdpVersionFinder findNearestMatch
WARNING: Unable to find an exact match for CDP version 111, so returning the closest version found: 108
]]></system-err>
</testsuite>
